  Building NVCC (Device) object CMakeFiles/cis565_getting_started.dir/src/Release/cis565_getting_started_generated_kernel.cu.obj
  -- Removing C:/Users/Helen/OneDrive - PennO365/Desktop/cis5650/CIS-5650-Project0-Getting-Started/build/CMakeFiles/cis565_getting_started.dir/src/Release/cis565_getting_started_generated_kernel.cu.obj
  "C:/Program Files/CMake/bin/cmake.exe" -E rm -f "C:/Users/Helen/OneDrive - PennO365/Desktop/cis5650/CIS-5650-Project0-Getting-Started/build/CMakeFiles/cis565_getting_started.dir/src/Release/cis565_getting_started_generated_kernel.cu.obj"
  -- Generating dependency file: C:/Users/Helen/OneDrive - PennO365/Desktop/cis5650/CIS-5650-Project0-Getting-Started/build/CMakeFiles/cis565_getting_started.dir/src/cis565_getting_started_generated_kernel.cu.obj.NVCC-depend
  "C:/Program Files/NVIDIA GPU Computing Toolkit/CUDA/v12.2/bin/nvcc.exe" -M -D__CUDACC__ "C:/Users/Helen/OneDrive - PennO365/Desktop/cis5650/CIS-5650-Project0-Getting-Started/cuda-getting-started/src/kernel.cu" -o "C:/Users/Helen/OneDrive - PennO365/Desktop/cis5650/CIS-5650-Project0-Getting-Started/build/CMakeFiles/cis565_getting_started.dir/src/cis565_getting_started_generated_kernel.cu.obj.NVCC-depend" -ccbin "C:/Program Files (x86)/Microsoft Visual Studio/2019/Community/VC/Tools/MSVC/14.29.30133/bin/Hostx64/x64/cl.exe" -m64 -DCUDA_COMPUTE_75 -DGLEW_STATIC -Xcompiler ,\"/DWIN32\",\"/D_WINDOWS\",\"/W3\",\"/GR\",\"/EHsc\",\"/MD\",\"/O2\",\"/Ob2\",\"/DNDEBUG\" -gencode arch=compute_75,code=sm_75 -DNVCC "-IC:/Program Files/NVIDIA GPU Computing Toolkit/CUDA/v12.2/include" "-IC:/Users/Helen/OneDrive - PennO365/Desktop/cis5650/CIS-5650-Project0-Getting-Started/cuda-getting-started/external/include"
  kernel.cu
  -- Generating temporary cmake readable file: C:/Users/Helen/OneDrive - PennO365/Desktop/cis5650/CIS-5650-Project0-Getting-Started/build/CMakeFiles/cis565_getting_started.dir/src/cis565_getting_started_generated_kernel.cu.obj.depend.tmp
  "C:/Program Files/CMake/bin/cmake.exe" -D "input_file:FILEPATH=C:/Users/Helen/OneDrive - PennO365/Desktop/cis5650/CIS-5650-Project0-Getting-Started/build/CMakeFiles/cis565_getting_started.dir/src/cis565_getting_started_generated_kernel.cu.obj.NVCC-depend" -D "output_file:FILEPATH=C:/Users/Helen/OneDrive - PennO365/Desktop/cis5650/CIS-5650-Project0-Getting-Started/build/CMakeFiles/cis565_getting_started.dir/src/cis565_getting_started_generated_kernel.cu.obj.depend.tmp" -D verbose=ON -P "C:/Program Files/CMake/share/cmake-3.24/Modules/FindCUDA/make2cmake.cmake"
  -- Copy if different C:/Users/Helen/OneDrive - PennO365/Desktop/cis5650/CIS-5650-Project0-Getting-Started/build/CMakeFiles/cis565_getting_started.dir/src/cis565_getting_started_generated_kernel.cu.obj.depend.tmp to C:/Users/Helen/OneDrive - PennO365/Desktop/cis5650/CIS-5650-Project0-Getting-Started/build/CMakeFiles/cis565_getting_started.dir/src/cis565_getting_started_generated_kernel.cu.obj.depend
  "C:/Program Files/CMake/bin/cmake.exe" -E copy_if_different "C:/Users/Helen/OneDrive - PennO365/Desktop/cis5650/CIS-5650-Project0-Getting-Started/build/CMakeFiles/cis565_getting_started.dir/src/cis565_getting_started_generated_kernel.cu.obj.depend.tmp" "C:/Users/Helen/OneDrive - PennO365/Desktop/cis5650/CIS-5650-Project0-Getting-Started/build/CMakeFiles/cis565_getting_started.dir/src/cis565_getting_started_generated_kernel.cu.obj.depend"
  -- Removing C:/Users/Helen/OneDrive - PennO365/Desktop/cis5650/CIS-5650-Project0-Getting-Started/build/CMakeFiles/cis565_getting_started.dir/src/cis565_getting_started_generated_kernel.cu.obj.depend.tmp and C:/Users/Helen/OneDrive - PennO365/Desktop/cis5650/CIS-5650-Project0-Getting-Started/build/CMakeFiles/cis565_getting_started.dir/src/cis565_getting_started_generated_kernel.cu.obj.NVCC-depend
  "C:/Program Files/CMake/bin/cmake.exe" -E rm -f "C:/Users/Helen/OneDrive - PennO365/Desktop/cis5650/CIS-5650-Project0-Getting-Started/build/CMakeFiles/cis565_getting_started.dir/src/cis565_getting_started_generated_kernel.cu.obj.depend.tmp" "C:/Users/Helen/OneDrive - PennO365/Desktop/cis5650/CIS-5650-Project0-Getting-Started/build/CMakeFiles/cis565_getting_started.dir/src/cis565_getting_started_generated_kernel.cu.obj.NVCC-depend"
  -- Generating C:/Users/Helen/OneDrive - PennO365/Desktop/cis5650/CIS-5650-Project0-Getting-Started/build/CMakeFiles/cis565_getting_started.dir/src/Release/cis565_getting_started_generated_kernel.cu.obj
  "C:/Program Files/NVIDIA GPU Computing Toolkit/CUDA/v12.2/bin/nvcc.exe" "C:/Users/Helen/OneDrive - PennO365/Desktop/cis5650/CIS-5650-Project0-Getting-Started/cuda-getting-started/src/kernel.cu" -c -o "C:/Users/Helen/OneDrive - PennO365/Desktop/cis5650/CIS-5650-Project0-Getting-Started/build/CMakeFiles/cis565_getting_started.dir/src/Release/cis565_getting_started_generated_kernel.cu.obj" -ccbin "C:/Program Files (x86)/Microsoft Visual Studio/2019/Community/VC/Tools/MSVC/14.29.30133/bin/Hostx64/x64/cl.exe" -m64 -DCUDA_COMPUTE_75 -DGLEW_STATIC -Xcompiler ,\"/DWIN32\",\"/D_WINDOWS\",\"/W3\",\"/GR\",\"/EHsc\",\"/MD\",\"/O2\",\"/Ob2\",\"/DNDEBUG\" -gencode arch=compute_75,code=sm_75 -DNVCC "-IC:/Program Files/NVIDIA GPU Computing Toolkit/CUDA/v12.2/include" "-IC:/Users/Helen/OneDrive - PennO365/Desktop/cis5650/CIS-5650-Project0-Getting-Started/cuda-getting-started/external/include"
  kernel.cu
  tmpxft_00007b68_00000000-10_kernel.cudafe1.cpp
C:\Users\Helen\OneDrive - PennO365\Desktop\cis5650\CIS-5650-Project0-Getting-Started\cuda-getting-started\src\kernel.cu(105): warning C4996: 'cudaThreadSynchronize': was declared deprecated
  Generated C:/Users/Helen/OneDrive - PennO365/Desktop/cis5650/CIS-5650-Project0-Getting-Started/build/CMakeFiles/cis565_getting_started.dir/src/Release/cis565_getting_started_generated_kernel.cu.obj successfully.
  Building Custom Rule C:/Users/Helen/OneDrive - PennO365/Desktop/cis5650/CIS-5650-Project0-Getting-Started/cuda-getting-started/CMakeLists.txt
  glslUtility.cpp
  main.cpp
C:\Users\Helen\OneDrive - PennO365\Desktop\cis5650\CIS-5650-Project0-Getting-Started\cuda-getting-started\src\main.cpp(94,9): warning C4996: 'cudaGLRegisterBufferObject': was declared deprecated
C:\Users\Helen\OneDrive - PennO365\Desktop\cis5650\CIS-5650-Project0-Getting-Started\cuda-getting-started\src\main.cpp(135,5): warning C4996: 'cudaGLSetGLDevice': was declared deprecated
C:\Users\Helen\OneDrive - PennO365\Desktop\cis5650\CIS-5650-Project0-Getting-Started\cuda-getting-started\src\main.cpp(169,5): warning C4996: 'cudaGLMapBufferObject': was declared deprecated
C:\Users\Helen\OneDrive - PennO365\Desktop\cis5650\CIS-5650-Project0-Getting-Started\cuda-getting-started\src\main.cpp(175,5): warning C4996: 'cudaGLUnmapBufferObject': was declared deprecated
C:\Users\Helen\OneDrive - PennO365\Desktop\cis5650\CIS-5650-Project0-Getting-Started\cuda-getting-started\src\main.cpp(224,9): warning C4996: 'cudaGLUnregisterBufferObject': was declared deprecated
  Generating Code...
     Creating library C:/Users/Helen/OneDrive - PennO365/Desktop/cis5650/CIS-5650-Project0-Getting-Started/build/lib/Release/cis565_getting_started.lib and object C:/Users/Helen/OneDrive - PennO365/Desktop/cis5650/CIS-5650-Project0-Getting-Started/build/lib/Release/cis565_getting_started.exp
LINK : warning LNK4098: defaultlib 'LIBCMT' conflicts with use of other libs; use /NODEFAULTLIB:library
  cis565_getting_started.vcxproj -> C:\Users\Helen\OneDrive - PennO365\Desktop\cis5650\CIS-5650-Project0-Getting-Started\build\bin\Release\cis565_getting_started.exe
